2024-02-28 21:06:55,948 - etl.extract - taxizones() - INFO - 
2024-02-28 21:06:55,948 - etl.transform - taxizones() - INFO - Object popped from queue for transformation
2024-02-28 21:06:55,993 - etl.transform - taxizones() - INFO - File loaded as dataframe
2024-02-28 21:06:56,135 - etl.transform - taxizones() - INFO - Processed file added to the out_queue
2024-02-28 21:06:56,223 - etl.load - taxizones() - INFO - Dataframe popped from in_queue
2024-02-28 21:06:57,050 - etl.load - taxizones() - INFO - Regions data loaded into table
2024-02-28 21:07:04,753 - etl.extract - greentaxi() - INFO - Starting process
2024-02-28 21:07:08,053 - etl.extract - concurrent_api_call() - INFO - Concurrent api call complete with 20 runs
2024-02-28 21:07:08,053 - etl.transform - taxitrip() - INFO - Starting processing in_queue
2024-02-28 21:07:08,425 - etl.transform - _region_polygons() - INFO - Regions polygons fetched from database
2024-02-28 21:07:17,690 - etl.transform - taxitrip() - INFO - Process completed
2024-02-28 21:07:17,780 - etl.load - taxitrip() - INFO - Dataframe popped from in_queue
2024-02-28 21:07:17,875 - etl.load - taxitrip() - INFO - Taxi trip data loaded into table
2024-02-28 21:07:17,876 - etl.load - taxitrip() - INFO - Dataframe popped from in_queue
2024-02-28 21:07:17,954 - etl.load - taxitrip() - INFO - Taxi trip data loaded into table
2024-02-28 21:07:17,955 - etl.load - taxitrip() - INFO - Dataframe popped from in_queue
2024-02-28 21:07:18,031 - etl.load - taxitrip() - INFO - Taxi trip data loaded into table
2024-02-28 21:07:18,032 - etl.load - taxitrip() - INFO - Dataframe popped from in_queue
2024-02-28 21:07:18,104 - etl.load - taxitrip() - INFO - Taxi trip data loaded into table
2024-02-28 21:07:18,104 - etl.load - taxitrip() - INFO - Dataframe popped from in_queue
2024-02-28 21:07:18,189 - etl.load - taxitrip() - INFO - Taxi trip data loaded into table
2024-02-28 21:07:18,189 - etl.load - taxitrip() - INFO - Dataframe popped from in_queue
2024-02-28 21:07:18,263 - etl.load - taxitrip() - INFO - Taxi trip data loaded into table
2024-02-28 21:07:18,263 - etl.load - taxitrip() - INFO - Dataframe popped from in_queue
2024-02-28 21:07:18,343 - etl.load - taxitrip() - INFO - Taxi trip data loaded into table
2024-02-28 21:07:18,344 - etl.load - taxitrip() - INFO - Dataframe popped from in_queue
2024-02-28 21:07:18,426 - etl.load - taxitrip() - INFO - Taxi trip data loaded into table
2024-02-28 21:07:18,426 - etl.load - taxitrip() - INFO - Dataframe popped from in_queue
2024-02-28 21:07:18,505 - etl.load - taxitrip() - INFO - Taxi trip data loaded into table
2024-02-28 21:07:18,505 - etl.load - taxitrip() - INFO - Dataframe popped from in_queue
2024-02-28 21:07:18,584 - etl.load - taxitrip() - INFO - Taxi trip data loaded into table
2024-02-28 21:07:18,585 - etl.load - taxitrip() - INFO - Dataframe popped from in_queue
2024-02-28 21:07:18,660 - etl.load - taxitrip() - INFO - Taxi trip data loaded into table
2024-02-28 21:07:18,660 - etl.load - taxitrip() - INFO - Dataframe popped from in_queue
2024-02-28 21:07:18,752 - etl.load - taxitrip() - INFO - Taxi trip data loaded into table
2024-02-28 21:07:18,753 - etl.load - taxitrip() - INFO - Dataframe popped from in_queue
2024-02-28 21:07:18,829 - etl.load - taxitrip() - INFO - Taxi trip data loaded into table
2024-02-28 21:07:18,830 - etl.load - taxitrip() - INFO - Dataframe popped from in_queue
2024-02-28 21:07:18,913 - etl.load - taxitrip() - INFO - Taxi trip data loaded into table
2024-02-28 21:07:18,914 - etl.load - taxitrip() - INFO - Dataframe popped from in_queue
2024-02-28 21:07:18,986 - etl.load - taxitrip() - INFO - Taxi trip data loaded into table
2024-02-28 21:07:18,986 - etl.load - taxitrip() - INFO - Dataframe popped from in_queue
2024-02-28 21:07:19,064 - etl.load - taxitrip() - INFO - Taxi trip data loaded into table
2024-02-28 21:07:19,065 - etl.load - taxitrip() - INFO - Dataframe popped from in_queue
2024-02-28 21:07:19,139 - etl.load - taxitrip() - INFO - Taxi trip data loaded into table
2024-02-28 21:07:19,140 - etl.load - taxitrip() - INFO - Dataframe popped from in_queue
2024-02-28 21:07:19,217 - etl.load - taxitrip() - INFO - Taxi trip data loaded into table
2024-02-28 21:07:19,217 - etl.load - taxitrip() - INFO - Dataframe popped from in_queue
2024-02-28 21:07:19,298 - etl.load - taxitrip() - INFO - Taxi trip data loaded into table
2024-02-28 21:07:19,298 - etl.load - taxitrip() - INFO - Dataframe popped from in_queue
2024-02-28 21:07:19,390 - etl.load - taxitrip() - INFO - Taxi trip data loaded into table
2024-02-28 21:07:19,390 - etl.load - taxitrip() - INFO - in_queue is empty. Loading completed
2024-02-28 21:07:31,094 - etl.extract - yellowtaxi() - INFO - Starting process
2024-02-28 21:08:35,346 - etl.extract - concurrent_api_call() - INFO - Concurrent api call complete with 200 runs
2024-02-28 21:08:35,347 - etl.transform - taxitrip() - INFO - Starting processing in_queue
2024-02-28 21:08:35,715 - etl.transform - _region_polygons() - INFO - Regions polygons fetched from database
2024-02-28 21:10:09,056 - etl.transform - taxitrip() - INFO - Process completed
2024-02-28 21:10:09,212 - etl.load - taxitrip() - INFO - Dataframe popped from in_queue
2024-02-28 21:10:09,297 - etl.load - taxitrip() - INFO - Taxi trip data loaded into table
2024-02-28 21:10:09,297 - etl.load - taxitrip() - INFO - Dataframe popped from in_queue
2024-02-28 21:10:09,370 - etl.load - taxitrip() - INFO - Taxi trip data loaded into table
2024-02-28 21:10:09,370 - etl.load - taxitrip() - INFO - Dataframe popped from in_queue
2024-02-28 21:10:09,447 - etl.load - taxitrip() - INFO - Taxi trip data loaded into table
2024-02-28 21:10:09,448 - etl.load - taxitrip() - INFO - Dataframe popped from in_queue
2024-02-28 21:10:09,524 - etl.load - taxitrip() - INFO - Taxi trip data loaded into table
2024-02-28 21:10:09,524 - etl.load - taxitrip() - INFO - Dataframe popped from in_queue
2024-02-28 21:10:09,603 - etl.load - taxitrip() - INFO - Taxi trip data loaded into table
2024-02-28 21:10:09,603 - etl.load - taxitrip() - INFO - Dataframe popped from in_queue
2024-02-28 21:10:09,677 - etl.load - taxitrip() - INFO - Taxi trip data loaded into table
2024-02-28 21:10:09,677 - etl.load - taxitrip() - INFO - Dataframe popped from in_queue
2024-02-28 21:10:09,750 - etl.load - taxitrip() - INFO - Taxi trip data loaded into table
2024-02-28 21:10:09,752 - etl.load - taxitrip() - INFO - Dataframe popped from in_queue
2024-02-28 21:10:09,826 - etl.load - taxitrip() - INFO - Taxi trip data loaded into table
2024-02-28 21:10:09,826 - etl.load - taxitrip() - INFO - Dataframe popped from in_queue
2024-02-28 21:10:09,905 - etl.load - taxitrip() - INFO - Taxi trip data loaded into table
2024-02-28 21:10:09,905 - etl.load - taxitrip() - INFO - Dataframe popped from in_queue
2024-02-28 21:10:09,979 - etl.load - taxitrip() - INFO - Taxi trip data loaded into table
2024-02-28 21:10:09,979 - etl.load - taxitrip() - INFO - Dataframe popped from in_queue
2024-02-28 21:10:10,055 - etl.load - taxitrip() - INFO - Taxi trip data loaded into table
2024-02-28 21:10:10,055 - etl.load - taxitrip() - INFO - Dataframe popped from in_queue
2024-02-28 21:10:10,127 - etl.load - taxitrip() - INFO - Taxi trip data loaded into table
2024-02-28 21:10:10,127 - etl.load - taxitrip() - INFO - Dataframe popped from in_queue
2024-02-28 21:10:10,209 - etl.load - taxitrip() - INFO - Taxi trip data loaded into table
2024-02-28 21:10:10,210 - etl.load - taxitrip() - INFO - Dataframe popped from in_queue
2024-02-28 21:10:10,292 - etl.load - taxitrip() - INFO - Taxi trip data loaded into table
2024-02-28 21:10:10,293 - etl.load - taxitrip() - INFO - Dataframe popped from in_queue
2024-02-28 21:10:10,375 - etl.load - taxitrip() - INFO - Taxi trip data loaded into table
2024-02-28 21:10:10,376 - etl.load - taxitrip() - INFO - Dataframe popped from in_queue
2024-02-28 21:10:10,460 - etl.load - taxitrip() - INFO - Taxi trip data loaded into table
2024-02-28 21:10:10,461 - etl.load - taxitrip() - INFO - Dataframe popped from in_queue
2024-02-28 21:10:10,546 - etl.load - taxitrip() - INFO - Taxi trip data loaded into table
2024-02-28 21:10:10,546 - etl.load - taxitrip() - INFO - Dataframe popped from in_queue
2024-02-28 21:10:10,632 - etl.load - taxitrip() - INFO - Taxi trip data loaded into table
2024-02-28 21:10:10,632 - etl.load - taxitrip() - INFO - Dataframe popped from in_queue
2024-02-28 21:10:10,716 - etl.load - taxitrip() - INFO - Taxi trip data loaded into table
2024-02-28 21:10:10,716 - etl.load - taxitrip() - INFO - Dataframe popped from in_queue
2024-02-28 21:10:10,798 - etl.load - taxitrip() - INFO - Taxi trip data loaded into table
2024-02-28 21:10:10,799 - etl.load - taxitrip() - INFO - Dataframe popped from in_queue
2024-02-28 21:10:10,871 - etl.load - taxitrip() - INFO - Taxi trip data loaded into table
2024-02-28 21:10:10,871 - etl.load - taxitrip() - INFO - Dataframe popped from in_queue
2024-02-28 21:10:10,953 - etl.load - taxitrip() - INFO - Taxi trip data loaded into table
2024-02-28 21:10:10,954 - etl.load - taxitrip() - INFO - Dataframe popped from in_queue
2024-02-28 21:10:11,027 - etl.load - taxitrip() - INFO - Taxi trip data loaded into table
2024-02-28 21:10:11,027 - etl.load - taxitrip() - INFO - Dataframe popped from in_queue
2024-02-28 21:10:11,105 - etl.load - taxitrip() - INFO - Taxi trip data loaded into table
2024-02-28 21:10:11,106 - etl.load - taxitrip() - INFO - Dataframe popped from in_queue
2024-02-28 21:10:11,187 - etl.load - taxitrip() - INFO - Taxi trip data loaded into table
2024-02-28 21:10:11,188 - etl.load - taxitrip() - INFO - Dataframe popped from in_queue
2024-02-28 21:10:11,273 - etl.load - taxitrip() - INFO - Taxi trip data loaded into table
2024-02-28 21:10:11,274 - etl.load - taxitrip() - INFO - Dataframe popped from in_queue
2024-02-28 21:10:11,353 - etl.load - taxitrip() - INFO - Taxi trip data loaded into table
2024-02-28 21:10:11,355 - etl.load - taxitrip() - INFO - Dataframe popped from in_queue
2024-02-28 21:10:11,436 - etl.load - taxitrip() - INFO - Taxi trip data loaded into table
2024-02-28 21:10:11,436 - etl.load - taxitrip() - INFO - Dataframe popped from in_queue
2024-02-28 21:10:11,519 - etl.load - taxitrip() - INFO - Taxi trip data loaded into table
2024-02-28 21:10:11,519 - etl.load - taxitrip() - INFO - Dataframe popped from in_queue
2024-02-28 21:10:11,612 - etl.load - taxitrip() - INFO - Taxi trip data loaded into table
2024-02-28 21:10:11,613 - etl.load - taxitrip() - INFO - Dataframe popped from in_queue
2024-02-28 21:10:11,703 - etl.load - taxitrip() - INFO - Taxi trip data loaded into table
2024-02-28 21:10:11,704 - etl.load - taxitrip() - INFO - Dataframe popped from in_queue
2024-02-28 21:10:11,786 - etl.load - taxitrip() - INFO - Taxi trip data loaded into table
2024-02-28 21:10:11,787 - etl.load - taxitrip() - INFO - Dataframe popped from in_queue
2024-02-28 21:10:11,879 - etl.load - taxitrip() - INFO - Taxi trip data loaded into table
2024-02-28 21:10:11,879 - etl.load - taxitrip() - INFO - Dataframe popped from in_queue
2024-02-28 21:10:11,992 - etl.load - taxitrip() - INFO - Taxi trip data loaded into table
2024-02-28 21:10:11,993 - etl.load - taxitrip() - INFO - Dataframe popped from in_queue
2024-02-28 21:10:12,089 - etl.load - taxitrip() - INFO - Taxi trip data loaded into table
2024-02-28 21:10:12,089 - etl.load - taxitrip() - INFO - Dataframe popped from in_queue
2024-02-28 21:10:12,177 - etl.load - taxitrip() - INFO - Taxi trip data loaded into table
2024-02-28 21:10:12,177 - etl.load - taxitrip() - INFO - Dataframe popped from in_queue
2024-02-28 21:10:12,259 - etl.load - taxitrip() - INFO - Taxi trip data loaded into table
2024-02-28 21:10:12,260 - etl.load - taxitrip() - INFO - Dataframe popped from in_queue
2024-02-28 21:10:12,344 - etl.load - taxitrip() - INFO - Taxi trip data loaded into table
2024-02-28 21:10:12,344 - etl.load - taxitrip() - INFO - Dataframe popped from in_queue
2024-02-28 21:10:12,425 - etl.load - taxitrip() - INFO - Taxi trip data loaded into table
2024-02-28 21:10:12,425 - etl.load - taxitrip() - INFO - Dataframe popped from in_queue
2024-02-28 21:10:12,525 - etl.load - taxitrip() - INFO - Taxi trip data loaded into table
2024-02-28 21:10:12,526 - etl.load - taxitrip() - INFO - Dataframe popped from in_queue
2024-02-28 21:10:12,628 - etl.load - taxitrip() - INFO - Taxi trip data loaded into table
2024-02-28 21:10:12,628 - etl.load - taxitrip() - INFO - Dataframe popped from in_queue
2024-02-28 21:10:12,721 - etl.load - taxitrip() - INFO - Taxi trip data loaded into table
2024-02-28 21:10:12,721 - etl.load - taxitrip() - INFO - Dataframe popped from in_queue
2024-02-28 21:10:12,805 - etl.load - taxitrip() - INFO - Taxi trip data loaded into table
2024-02-28 21:10:12,806 - etl.load - taxitrip() - INFO - Dataframe popped from in_queue
2024-02-28 21:10:12,895 - etl.load - taxitrip() - INFO - Taxi trip data loaded into table
2024-02-28 21:10:12,895 - etl.load - taxitrip() - INFO - Dataframe popped from in_queue
2024-02-28 21:10:12,993 - etl.load - taxitrip() - INFO - Taxi trip data loaded into table
2024-02-28 21:10:12,994 - etl.load - taxitrip() - INFO - Dataframe popped from in_queue
2024-02-28 21:10:13,089 - etl.load - taxitrip() - INFO - Taxi trip data loaded into table
2024-02-28 21:10:13,090 - etl.load - taxitrip() - INFO - Dataframe popped from in_queue
2024-02-28 21:10:13,180 - etl.load - taxitrip() - INFO - Taxi trip data loaded into table
2024-02-28 21:10:13,183 - etl.load - taxitrip() - INFO - Dataframe popped from in_queue
2024-02-28 21:10:13,278 - etl.load - taxitrip() - INFO - Taxi trip data loaded into table
2024-02-28 21:10:13,279 - etl.load - taxitrip() - INFO - Dataframe popped from in_queue
2024-02-28 21:10:13,363 - etl.load - taxitrip() - INFO - Taxi trip data loaded into table
2024-02-28 21:10:13,363 - etl.load - taxitrip() - INFO - Dataframe popped from in_queue
2024-02-28 21:10:13,437 - etl.load - taxitrip() - INFO - Taxi trip data loaded into table
2024-02-28 21:10:13,437 - etl.load - taxitrip() - INFO - Dataframe popped from in_queue
2024-02-28 21:10:13,512 - etl.load - taxitrip() - INFO - Taxi trip data loaded into table
2024-02-28 21:10:13,512 - etl.load - taxitrip() - INFO - Dataframe popped from in_queue
2024-02-28 21:10:13,590 - etl.load - taxitrip() - INFO - Taxi trip data loaded into table
2024-02-28 21:10:13,591 - etl.load - taxitrip() - INFO - Dataframe popped from in_queue
2024-02-28 21:10:13,671 - etl.load - taxitrip() - INFO - Taxi trip data loaded into table
2024-02-28 21:10:13,672 - etl.load - taxitrip() - INFO - Dataframe popped from in_queue
2024-02-28 21:10:13,768 - etl.load - taxitrip() - INFO - Taxi trip data loaded into table
2024-02-28 21:10:13,768 - etl.load - taxitrip() - INFO - Dataframe popped from in_queue
2024-02-28 21:10:13,843 - etl.load - taxitrip() - INFO - Taxi trip data loaded into table
2024-02-28 21:10:13,843 - etl.load - taxitrip() - INFO - Dataframe popped from in_queue
2024-02-28 21:10:13,914 - etl.load - taxitrip() - INFO - Taxi trip data loaded into table
2024-02-28 21:10:13,914 - etl.load - taxitrip() - INFO - Dataframe popped from in_queue
2024-02-28 21:10:13,994 - etl.load - taxitrip() - INFO - Taxi trip data loaded into table
2024-02-28 21:10:13,994 - etl.load - taxitrip() - INFO - Dataframe popped from in_queue
2024-02-28 21:10:14,068 - etl.load - taxitrip() - INFO - Taxi trip data loaded into table
2024-02-28 21:10:14,068 - etl.load - taxitrip() - INFO - Dataframe popped from in_queue
2024-02-28 21:10:14,139 - etl.load - taxitrip() - INFO - Taxi trip data loaded into table
2024-02-28 21:10:14,140 - etl.load - taxitrip() - INFO - Dataframe popped from in_queue
2024-02-28 21:10:14,211 - etl.load - taxitrip() - INFO - Taxi trip data loaded into table
2024-02-28 21:10:14,212 - etl.load - taxitrip() - INFO - Dataframe popped from in_queue
2024-02-28 21:10:14,285 - etl.load - taxitrip() - INFO - Taxi trip data loaded into table
2024-02-28 21:10:14,285 - etl.load - taxitrip() - INFO - Dataframe popped from in_queue
2024-02-28 21:10:14,354 - etl.load - taxitrip() - INFO - Taxi trip data loaded into table
2024-02-28 21:10:14,355 - etl.load - taxitrip() - INFO - Dataframe popped from in_queue
2024-02-28 21:10:14,425 - etl.load - taxitrip() - INFO - Taxi trip data loaded into table
2024-02-28 21:10:14,426 - etl.load - taxitrip() - INFO - Dataframe popped from in_queue
2024-02-28 21:10:14,500 - etl.load - taxitrip() - INFO - Taxi trip data loaded into table
2024-02-28 21:10:14,501 - etl.load - taxitrip() - INFO - Dataframe popped from in_queue
2024-02-28 21:10:14,578 - etl.load - taxitrip() - INFO - Taxi trip data loaded into table
2024-02-28 21:10:14,578 - etl.load - taxitrip() - INFO - Dataframe popped from in_queue
2024-02-28 21:10:14,651 - etl.load - taxitrip() - INFO - Taxi trip data loaded into table
2024-02-28 21:10:14,651 - etl.load - taxitrip() - INFO - Dataframe popped from in_queue
2024-02-28 21:10:14,722 - etl.load - taxitrip() - INFO - Taxi trip data loaded into table
2024-02-28 21:10:14,722 - etl.load - taxitrip() - INFO - Dataframe popped from in_queue
2024-02-28 21:10:14,791 - etl.load - taxitrip() - INFO - Taxi trip data loaded into table
2024-02-28 21:10:14,792 - etl.load - taxitrip() - INFO - Dataframe popped from in_queue
2024-02-28 21:10:14,863 - etl.load - taxitrip() - INFO - Taxi trip data loaded into table
2024-02-28 21:10:14,863 - etl.load - taxitrip() - INFO - Dataframe popped from in_queue
2024-02-28 21:10:14,938 - etl.load - taxitrip() - INFO - Taxi trip data loaded into table
2024-02-28 21:10:14,939 - etl.load - taxitrip() - INFO - Dataframe popped from in_queue
2024-02-28 21:10:15,017 - etl.load - taxitrip() - INFO - Taxi trip data loaded into table
2024-02-28 21:10:15,018 - etl.load - taxitrip() - INFO - Dataframe popped from in_queue
2024-02-28 21:10:15,095 - etl.load - taxitrip() - INFO - Taxi trip data loaded into table
2024-02-28 21:10:15,096 - etl.load - taxitrip() - INFO - Dataframe popped from in_queue
2024-02-28 21:10:15,172 - etl.load - taxitrip() - INFO - Taxi trip data loaded into table
2024-02-28 21:10:15,172 - etl.load - taxitrip() - INFO - Dataframe popped from in_queue
2024-02-28 21:10:15,242 - etl.load - taxitrip() - INFO - Taxi trip data loaded into table
2024-02-28 21:10:15,243 - etl.load - taxitrip() - INFO - Dataframe popped from in_queue
2024-02-28 21:10:15,312 - etl.load - taxitrip() - INFO - Taxi trip data loaded into table
2024-02-28 21:10:15,312 - etl.load - taxitrip() - INFO - Dataframe popped from in_queue
2024-02-28 21:10:15,386 - etl.load - taxitrip() - INFO - Taxi trip data loaded into table
2024-02-28 21:10:15,386 - etl.load - taxitrip() - INFO - Dataframe popped from in_queue
2024-02-28 21:10:15,457 - etl.load - taxitrip() - INFO - Taxi trip data loaded into table
2024-02-28 21:10:15,457 - etl.load - taxitrip() - INFO - Dataframe popped from in_queue
2024-02-28 21:10:15,530 - etl.load - taxitrip() - INFO - Taxi trip data loaded into table
2024-02-28 21:10:15,530 - etl.load - taxitrip() - INFO - Dataframe popped from in_queue
2024-02-28 21:10:15,603 - etl.load - taxitrip() - INFO - Taxi trip data loaded into table
2024-02-28 21:10:15,603 - etl.load - taxitrip() - INFO - Dataframe popped from in_queue
2024-02-28 21:10:15,676 - etl.load - taxitrip() - INFO - Taxi trip data loaded into table
2024-02-28 21:10:15,677 - etl.load - taxitrip() - INFO - Dataframe popped from in_queue
2024-02-28 21:10:15,749 - etl.load - taxitrip() - INFO - Taxi trip data loaded into table
2024-02-28 21:10:15,749 - etl.load - taxitrip() - INFO - Dataframe popped from in_queue
2024-02-28 21:10:15,821 - etl.load - taxitrip() - INFO - Taxi trip data loaded into table
2024-02-28 21:10:15,821 - etl.load - taxitrip() - INFO - Dataframe popped from in_queue
2024-02-28 21:10:15,893 - etl.load - taxitrip() - INFO - Taxi trip data loaded into table
2024-02-28 21:10:15,893 - etl.load - taxitrip() - INFO - Dataframe popped from in_queue
2024-02-28 21:10:15,964 - etl.load - taxitrip() - INFO - Taxi trip data loaded into table
2024-02-28 21:10:15,965 - etl.load - taxitrip() - INFO - Dataframe popped from in_queue
2024-02-28 21:10:16,049 - etl.load - taxitrip() - INFO - Taxi trip data loaded into table
2024-02-28 21:10:16,050 - etl.load - taxitrip() - INFO - Dataframe popped from in_queue
2024-02-28 21:10:16,136 - etl.load - taxitrip() - INFO - Taxi trip data loaded into table
2024-02-28 21:10:16,136 - etl.load - taxitrip() - INFO - Dataframe popped from in_queue
2024-02-28 21:10:16,216 - etl.load - taxitrip() - INFO - Taxi trip data loaded into table
2024-02-28 21:10:16,217 - etl.load - taxitrip() - INFO - Dataframe popped from in_queue
2024-02-28 21:10:16,291 - etl.load - taxitrip() - INFO - Taxi trip data loaded into table
2024-02-28 21:10:16,291 - etl.load - taxitrip() - INFO - Dataframe popped from in_queue
2024-02-28 21:10:16,363 - etl.load - taxitrip() - INFO - Taxi trip data loaded into table
2024-02-28 21:10:16,364 - etl.load - taxitrip() - INFO - Dataframe popped from in_queue
2024-02-28 21:10:16,435 - etl.load - taxitrip() - INFO - Taxi trip data loaded into table
2024-02-28 21:10:16,435 - etl.load - taxitrip() - INFO - Dataframe popped from in_queue
2024-02-28 21:10:16,508 - etl.load - taxitrip() - INFO - Taxi trip data loaded into table
2024-02-28 21:10:16,509 - etl.load - taxitrip() - INFO - Dataframe popped from in_queue
2024-02-28 21:10:16,586 - etl.load - taxitrip() - INFO - Taxi trip data loaded into table
2024-02-28 21:10:16,586 - etl.load - taxitrip() - INFO - Dataframe popped from in_queue
2024-02-28 21:10:16,664 - etl.load - taxitrip() - INFO - Taxi trip data loaded into table
2024-02-28 21:10:16,665 - etl.load - taxitrip() - INFO - Dataframe popped from in_queue
2024-02-28 21:10:16,737 - etl.load - taxitrip() - INFO - Taxi trip data loaded into table
2024-02-28 21:10:16,737 - etl.load - taxitrip() - INFO - Dataframe popped from in_queue
2024-02-28 21:10:16,810 - etl.load - taxitrip() - INFO - Taxi trip data loaded into table
2024-02-28 21:10:16,812 - etl.load - taxitrip() - INFO - Dataframe popped from in_queue
2024-02-28 21:10:16,883 - etl.load - taxitrip() - INFO - Taxi trip data loaded into table
2024-02-28 21:10:16,883 - etl.load - taxitrip() - INFO - Dataframe popped from in_queue
2024-02-28 21:10:16,954 - etl.load - taxitrip() - INFO - Taxi trip data loaded into table
2024-02-28 21:10:16,955 - etl.load - taxitrip() - INFO - Dataframe popped from in_queue
2024-02-28 21:10:17,040 - etl.load - taxitrip() - INFO - Taxi trip data loaded into table
2024-02-28 21:10:17,041 - etl.load - taxitrip() - INFO - Dataframe popped from in_queue
2024-02-28 21:10:17,118 - etl.load - taxitrip() - INFO - Taxi trip data loaded into table
2024-02-28 21:10:17,119 - etl.load - taxitrip() - INFO - Dataframe popped from in_queue
2024-02-28 21:10:17,198 - etl.load - taxitrip() - INFO - Taxi trip data loaded into table
2024-02-28 21:10:17,198 - etl.load - taxitrip() - INFO - Dataframe popped from in_queue
2024-02-28 21:10:17,285 - etl.load - taxitrip() - INFO - Taxi trip data loaded into table
2024-02-28 21:10:17,285 - etl.load - taxitrip() - INFO - Dataframe popped from in_queue
2024-02-28 21:10:17,393 - etl.load - taxitrip() - INFO - Taxi trip data loaded into table
2024-02-28 21:10:17,394 - etl.load - taxitrip() - INFO - Dataframe popped from in_queue
2024-02-28 21:10:17,522 - etl.load - taxitrip() - INFO - Taxi trip data loaded into table
2024-02-28 21:10:17,522 - etl.load - taxitrip() - INFO - Dataframe popped from in_queue
2024-02-28 21:10:17,601 - etl.load - taxitrip() - INFO - Taxi trip data loaded into table
2024-02-28 21:10:17,602 - etl.load - taxitrip() - INFO - Dataframe popped from in_queue
2024-02-28 21:10:17,677 - etl.load - taxitrip() - INFO - Taxi trip data loaded into table
2024-02-28 21:10:17,677 - etl.load - taxitrip() - INFO - Dataframe popped from in_queue
2024-02-28 21:10:17,747 - etl.load - taxitrip() - INFO - Taxi trip data loaded into table
2024-02-28 21:10:17,748 - etl.load - taxitrip() - INFO - Dataframe popped from in_queue
2024-02-28 21:10:17,819 - etl.load - taxitrip() - INFO - Taxi trip data loaded into table
2024-02-28 21:10:17,819 - etl.load - taxitrip() - INFO - Dataframe popped from in_queue
2024-02-28 21:10:17,887 - etl.load - taxitrip() - INFO - Taxi trip data loaded into table
2024-02-28 21:10:17,888 - etl.load - taxitrip() - INFO - Dataframe popped from in_queue
2024-02-28 21:10:17,956 - etl.load - taxitrip() - INFO - Taxi trip data loaded into table
2024-02-28 21:10:17,957 - etl.load - taxitrip() - INFO - Dataframe popped from in_queue
2024-02-28 21:10:18,035 - etl.load - taxitrip() - INFO - Taxi trip data loaded into table
2024-02-28 21:10:18,036 - etl.load - taxitrip() - INFO - Dataframe popped from in_queue
2024-02-28 21:10:18,111 - etl.load - taxitrip() - INFO - Taxi trip data loaded into table
2024-02-28 21:10:18,112 - etl.load - taxitrip() - INFO - Dataframe popped from in_queue
2024-02-28 21:10:18,184 - etl.load - taxitrip() - INFO - Taxi trip data loaded into table
2024-02-28 21:10:18,184 - etl.load - taxitrip() - INFO - Dataframe popped from in_queue
2024-02-28 21:10:18,256 - etl.load - taxitrip() - INFO - Taxi trip data loaded into table
2024-02-28 21:10:18,257 - etl.load - taxitrip() - INFO - Dataframe popped from in_queue
2024-02-28 21:10:18,327 - etl.load - taxitrip() - INFO - Taxi trip data loaded into table
2024-02-28 21:10:18,328 - etl.load - taxitrip() - INFO - Dataframe popped from in_queue
2024-02-28 21:10:18,402 - etl.load - taxitrip() - INFO - Taxi trip data loaded into table
2024-02-28 21:10:18,402 - etl.load - taxitrip() - INFO - Dataframe popped from in_queue
2024-02-28 21:10:18,470 - etl.load - taxitrip() - INFO - Taxi trip data loaded into table
2024-02-28 21:10:18,471 - etl.load - taxitrip() - INFO - Dataframe popped from in_queue
2024-02-28 21:10:18,546 - etl.load - taxitrip() - INFO - Taxi trip data loaded into table
2024-02-28 21:10:18,546 - etl.load - taxitrip() - INFO - Dataframe popped from in_queue
2024-02-28 21:10:18,616 - etl.load - taxitrip() - INFO - Taxi trip data loaded into table
2024-02-28 21:10:18,616 - etl.load - taxitrip() - INFO - Dataframe popped from in_queue
2024-02-28 21:10:18,689 - etl.load - taxitrip() - INFO - Taxi trip data loaded into table
2024-02-28 21:10:18,690 - etl.load - taxitrip() - INFO - Dataframe popped from in_queue
2024-02-28 21:10:18,778 - etl.load - taxitrip() - INFO - Taxi trip data loaded into table
2024-02-28 21:10:18,778 - etl.load - taxitrip() - INFO - Dataframe popped from in_queue
2024-02-28 21:10:18,849 - etl.load - taxitrip() - INFO - Taxi trip data loaded into table
2024-02-28 21:10:18,849 - etl.load - taxitrip() - INFO - Dataframe popped from in_queue
2024-02-28 21:10:18,921 - etl.load - taxitrip() - INFO - Taxi trip data loaded into table
2024-02-28 21:10:18,923 - etl.load - taxitrip() - INFO - Dataframe popped from in_queue
2024-02-28 21:10:18,997 - etl.load - taxitrip() - INFO - Taxi trip data loaded into table
2024-02-28 21:10:18,997 - etl.load - taxitrip() - INFO - Dataframe popped from in_queue
2024-02-28 21:10:19,075 - etl.load - taxitrip() - INFO - Taxi trip data loaded into table
2024-02-28 21:10:19,075 - etl.load - taxitrip() - INFO - Dataframe popped from in_queue
2024-02-28 21:10:19,149 - etl.load - taxitrip() - INFO - Taxi trip data loaded into table
2024-02-28 21:10:19,150 - etl.load - taxitrip() - INFO - Dataframe popped from in_queue
2024-02-28 21:10:19,222 - etl.load - taxitrip() - INFO - Taxi trip data loaded into table
2024-02-28 21:10:19,222 - etl.load - taxitrip() - INFO - Dataframe popped from in_queue
2024-02-28 21:10:19,296 - etl.load - taxitrip() - INFO - Taxi trip data loaded into table
2024-02-28 21:10:19,296 - etl.load - taxitrip() - INFO - Dataframe popped from in_queue
2024-02-28 21:10:19,371 - etl.load - taxitrip() - INFO - Taxi trip data loaded into table
2024-02-28 21:10:19,371 - etl.load - taxitrip() - INFO - Dataframe popped from in_queue
2024-02-28 21:10:19,443 - etl.load - taxitrip() - INFO - Taxi trip data loaded into table
2024-02-28 21:10:19,443 - etl.load - taxitrip() - INFO - Dataframe popped from in_queue
2024-02-28 21:10:19,514 - etl.load - taxitrip() - INFO - Taxi trip data loaded into table
2024-02-28 21:10:19,515 - etl.load - taxitrip() - INFO - Dataframe popped from in_queue
2024-02-28 21:10:19,599 - etl.load - taxitrip() - INFO - Taxi trip data loaded into table
2024-02-28 21:10:19,600 - etl.load - taxitrip() - INFO - Dataframe popped from in_queue
2024-02-28 21:10:19,675 - etl.load - taxitrip() - INFO - Taxi trip data loaded into table
2024-02-28 21:10:19,676 - etl.load - taxitrip() - INFO - Dataframe popped from in_queue
2024-02-28 21:10:19,749 - etl.load - taxitrip() - INFO - Taxi trip data loaded into table
2024-02-28 21:10:19,750 - etl.load - taxitrip() - INFO - Dataframe popped from in_queue
2024-02-28 21:10:19,821 - etl.load - taxitrip() - INFO - Taxi trip data loaded into table
2024-02-28 21:10:19,822 - etl.load - taxitrip() - INFO - Dataframe popped from in_queue
2024-02-28 21:10:19,895 - etl.load - taxitrip() - INFO - Taxi trip data loaded into table
2024-02-28 21:10:19,896 - etl.load - taxitrip() - INFO - Dataframe popped from in_queue
2024-02-28 21:10:19,968 - etl.load - taxitrip() - INFO - Taxi trip data loaded into table
2024-02-28 21:10:19,969 - etl.load - taxitrip() - INFO - Dataframe popped from in_queue
2024-02-28 21:10:20,044 - etl.load - taxitrip() - INFO - Taxi trip data loaded into table
2024-02-28 21:10:20,044 - etl.load - taxitrip() - INFO - Dataframe popped from in_queue
2024-02-28 21:10:20,118 - etl.load - taxitrip() - INFO - Taxi trip data loaded into table
2024-02-28 21:10:20,118 - etl.load - taxitrip() - INFO - Dataframe popped from in_queue
2024-02-28 21:10:20,195 - etl.load - taxitrip() - INFO - Taxi trip data loaded into table
2024-02-28 21:10:20,195 - etl.load - taxitrip() - INFO - Dataframe popped from in_queue
2024-02-28 21:10:20,266 - etl.load - taxitrip() - INFO - Taxi trip data loaded into table
2024-02-28 21:10:20,266 - etl.load - taxitrip() - INFO - Dataframe popped from in_queue
2024-02-28 21:10:20,343 - etl.load - taxitrip() - INFO - Taxi trip data loaded into table
2024-02-28 21:10:20,343 - etl.load - taxitrip() - INFO - Dataframe popped from in_queue
2024-02-28 21:10:20,415 - etl.load - taxitrip() - INFO - Taxi trip data loaded into table
2024-02-28 21:10:20,415 - etl.load - taxitrip() - INFO - Dataframe popped from in_queue
2024-02-28 21:10:20,486 - etl.load - taxitrip() - INFO - Taxi trip data loaded into table
2024-02-28 21:10:20,486 - etl.load - taxitrip() - INFO - Dataframe popped from in_queue
2024-02-28 21:10:20,565 - etl.load - taxitrip() - INFO - Taxi trip data loaded into table
2024-02-28 21:10:20,565 - etl.load - taxitrip() - INFO - Dataframe popped from in_queue
2024-02-28 21:10:20,638 - etl.load - taxitrip() - INFO - Taxi trip data loaded into table
2024-02-28 21:10:20,639 - etl.load - taxitrip() - INFO - Dataframe popped from in_queue
2024-02-28 21:10:20,714 - etl.load - taxitrip() - INFO - Taxi trip data loaded into table
2024-02-28 21:10:20,714 - etl.load - taxitrip() - INFO - Dataframe popped from in_queue
2024-02-28 21:10:20,786 - etl.load - taxitrip() - INFO - Taxi trip data loaded into table
2024-02-28 21:10:20,787 - etl.load - taxitrip() - INFO - Dataframe popped from in_queue
2024-02-28 21:10:20,869 - etl.load - taxitrip() - INFO - Taxi trip data loaded into table
2024-02-28 21:10:20,869 - etl.load - taxitrip() - INFO - Dataframe popped from in_queue
2024-02-28 21:10:20,953 - etl.load - taxitrip() - INFO - Taxi trip data loaded into table
2024-02-28 21:10:20,953 - etl.load - taxitrip() - INFO - Dataframe popped from in_queue
2024-02-28 21:10:21,042 - etl.load - taxitrip() - INFO - Taxi trip data loaded into table
2024-02-28 21:10:21,043 - etl.load - taxitrip() - INFO - Dataframe popped from in_queue
2024-02-28 21:10:21,133 - etl.load - taxitrip() - INFO - Taxi trip data loaded into table
2024-02-28 21:10:21,133 - etl.load - taxitrip() - INFO - Dataframe popped from in_queue
2024-02-28 21:10:21,217 - etl.load - taxitrip() - INFO - Taxi trip data loaded into table
2024-02-28 21:10:21,217 - etl.load - taxitrip() - INFO - Dataframe popped from in_queue
2024-02-28 21:10:21,300 - etl.load - taxitrip() - INFO - Taxi trip data loaded into table
2024-02-28 21:10:21,300 - etl.load - taxitrip() - INFO - Dataframe popped from in_queue
2024-02-28 21:10:21,391 - etl.load - taxitrip() - INFO - Taxi trip data loaded into table
2024-02-28 21:10:21,391 - etl.load - taxitrip() - INFO - Dataframe popped from in_queue
2024-02-28 21:10:21,484 - etl.load - taxitrip() - INFO - Taxi trip data loaded into table
2024-02-28 21:10:21,484 - etl.load - taxitrip() - INFO - Dataframe popped from in_queue
2024-02-28 21:10:21,570 - etl.load - taxitrip() - INFO - Taxi trip data loaded into table
2024-02-28 21:10:21,570 - etl.load - taxitrip() - INFO - Dataframe popped from in_queue
2024-02-28 21:10:21,665 - etl.load - taxitrip() - INFO - Taxi trip data loaded into table
2024-02-28 21:10:21,666 - etl.load - taxitrip() - INFO - Dataframe popped from in_queue
2024-02-28 21:10:21,780 - etl.load - taxitrip() - INFO - Taxi trip data loaded into table
2024-02-28 21:10:21,782 - etl.load - taxitrip() - INFO - Dataframe popped from in_queue
2024-02-28 21:10:21,873 - etl.load - taxitrip() - INFO - Taxi trip data loaded into table
2024-02-28 21:10:21,874 - etl.load - taxitrip() - INFO - Dataframe popped from in_queue
2024-02-28 21:10:21,972 - etl.load - taxitrip() - INFO - Taxi trip data loaded into table
2024-02-28 21:10:21,972 - etl.load - taxitrip() - INFO - Dataframe popped from in_queue
2024-02-28 21:10:22,112 - etl.load - taxitrip() - INFO - Taxi trip data loaded into table
2024-02-28 21:10:22,113 - etl.load - taxitrip() - INFO - Dataframe popped from in_queue
2024-02-28 21:10:22,204 - etl.load - taxitrip() - INFO - Taxi trip data loaded into table
2024-02-28 21:10:22,205 - etl.load - taxitrip() - INFO - Dataframe popped from in_queue
2024-02-28 21:10:22,295 - etl.load - taxitrip() - INFO - Taxi trip data loaded into table
2024-02-28 21:10:22,296 - etl.load - taxitrip() - INFO - Dataframe popped from in_queue
2024-02-28 21:10:22,410 - etl.load - taxitrip() - INFO - Taxi trip data loaded into table
2024-02-28 21:10:22,410 - etl.load - taxitrip() - INFO - Dataframe popped from in_queue
2024-02-28 21:10:22,491 - etl.load - taxitrip() - INFO - Taxi trip data loaded into table
2024-02-28 21:10:22,492 - etl.load - taxitrip() - INFO - Dataframe popped from in_queue
2024-02-28 21:10:22,578 - etl.load - taxitrip() - INFO - Taxi trip data loaded into table
2024-02-28 21:10:22,578 - etl.load - taxitrip() - INFO - Dataframe popped from in_queue
2024-02-28 21:10:22,670 - etl.load - taxitrip() - INFO - Taxi trip data loaded into table
2024-02-28 21:10:22,671 - etl.load - taxitrip() - INFO - Dataframe popped from in_queue
2024-02-28 21:10:22,761 - etl.load - taxitrip() - INFO - Taxi trip data loaded into table
2024-02-28 21:10:22,762 - etl.load - taxitrip() - INFO - Dataframe popped from in_queue
2024-02-28 21:10:22,861 - etl.load - taxitrip() - INFO - Taxi trip data loaded into table
2024-02-28 21:10:22,862 - etl.load - taxitrip() - INFO - Dataframe popped from in_queue
2024-02-28 21:10:22,954 - etl.load - taxitrip() - INFO - Taxi trip data loaded into table
2024-02-28 21:10:22,955 - etl.load - taxitrip() - INFO - Dataframe popped from in_queue
2024-02-28 21:10:23,055 - etl.load - taxitrip() - INFO - Taxi trip data loaded into table
2024-02-28 21:10:23,055 - etl.load - taxitrip() - INFO - Dataframe popped from in_queue
2024-02-28 21:10:23,154 - etl.load - taxitrip() - INFO - Taxi trip data loaded into table
2024-02-28 21:10:23,154 - etl.load - taxitrip() - INFO - Dataframe popped from in_queue
2024-02-28 21:10:23,239 - etl.load - taxitrip() - INFO - Taxi trip data loaded into table
2024-02-28 21:10:23,240 - etl.load - taxitrip() - INFO - Dataframe popped from in_queue
2024-02-28 21:10:23,328 - etl.load - taxitrip() - INFO - Taxi trip data loaded into table
2024-02-28 21:10:23,328 - etl.load - taxitrip() - INFO - Dataframe popped from in_queue
2024-02-28 21:10:23,444 - etl.load - taxitrip() - INFO - Taxi trip data loaded into table
2024-02-28 21:10:23,445 - etl.load - taxitrip() - INFO - Dataframe popped from in_queue
2024-02-28 21:10:23,604 - etl.load - taxitrip() - INFO - Taxi trip data loaded into table
2024-02-28 21:10:23,605 - etl.load - taxitrip() - INFO - Dataframe popped from in_queue
2024-02-28 21:10:23,782 - etl.load - taxitrip() - INFO - Taxi trip data loaded into table
2024-02-28 21:10:23,783 - etl.load - taxitrip() - INFO - Dataframe popped from in_queue
2024-02-28 21:10:23,928 - etl.load - taxitrip() - INFO - Taxi trip data loaded into table
2024-02-28 21:10:23,928 - etl.load - taxitrip() - INFO - Dataframe popped from in_queue
2024-02-28 21:10:24,046 - etl.load - taxitrip() - INFO - Taxi trip data loaded into table
2024-02-28 21:10:24,048 - etl.load - taxitrip() - INFO - Dataframe popped from in_queue
2024-02-28 21:10:24,162 - etl.load - taxitrip() - INFO - Taxi trip data loaded into table
2024-02-28 21:10:24,163 - etl.load - taxitrip() - INFO - Dataframe popped from in_queue
2024-02-28 21:10:24,264 - etl.load - taxitrip() - INFO - Taxi trip data loaded into table
2024-02-28 21:10:24,265 - etl.load - taxitrip() - INFO - Dataframe popped from in_queue
2024-02-28 21:10:24,355 - etl.load - taxitrip() - INFO - Taxi trip data loaded into table
2024-02-28 21:10:24,355 - etl.load - taxitrip() - INFO - Dataframe popped from in_queue
2024-02-28 21:10:24,437 - etl.load - taxitrip() - INFO - Taxi trip data loaded into table
2024-02-28 21:10:24,438 - etl.load - taxitrip() - INFO - Dataframe popped from in_queue
2024-02-28 21:10:24,531 - etl.load - taxitrip() - INFO - Taxi trip data loaded into table
2024-02-28 21:10:24,532 - etl.load - taxitrip() - INFO - Dataframe popped from in_queue
2024-02-28 21:10:24,625 - etl.load - taxitrip() - INFO - Taxi trip data loaded into table
2024-02-28 21:10:24,626 - etl.load - taxitrip() - INFO - Dataframe popped from in_queue
2024-02-28 21:10:24,712 - etl.load - taxitrip() - INFO - Taxi trip data loaded into table
2024-02-28 21:10:24,713 - etl.load - taxitrip() - INFO - Dataframe popped from in_queue
2024-02-28 21:10:24,791 - etl.load - taxitrip() - INFO - Taxi trip data loaded into table
2024-02-28 21:10:24,792 - etl.load - taxitrip() - INFO - Dataframe popped from in_queue
2024-02-28 21:10:24,870 - etl.load - taxitrip() - INFO - Taxi trip data loaded into table
2024-02-28 21:10:24,871 - etl.load - taxitrip() - INFO - Dataframe popped from in_queue
2024-02-28 21:10:24,950 - etl.load - taxitrip() - INFO - Taxi trip data loaded into table
2024-02-28 21:10:24,950 - etl.load - taxitrip() - INFO - Dataframe popped from in_queue
2024-02-28 21:10:25,024 - etl.load - taxitrip() - INFO - Taxi trip data loaded into table
2024-02-28 21:10:25,024 - etl.load - taxitrip() - INFO - Dataframe popped from in_queue
2024-02-28 21:10:25,109 - etl.load - taxitrip() - INFO - Taxi trip data loaded into table
2024-02-28 21:10:25,109 - etl.load - taxitrip() - INFO - Dataframe popped from in_queue
2024-02-28 21:10:25,223 - etl.load - taxitrip() - INFO - Taxi trip data loaded into table
2024-02-28 21:10:25,224 - etl.load - taxitrip() - INFO - Dataframe popped from in_queue
2024-02-28 21:10:25,341 - etl.load - taxitrip() - INFO - Taxi trip data loaded into table
2024-02-28 21:10:25,342 - etl.load - taxitrip() - INFO - Dataframe popped from in_queue
2024-02-28 21:10:25,436 - etl.load - taxitrip() - INFO - Taxi trip data loaded into table
2024-02-28 21:10:25,436 - etl.load - taxitrip() - INFO - Dataframe popped from in_queue
2024-02-28 21:10:25,521 - etl.load - taxitrip() - INFO - Taxi trip data loaded into table
2024-02-28 21:10:25,521 - etl.load - taxitrip() - INFO - Dataframe popped from in_queue
2024-02-28 21:10:25,594 - etl.load - taxitrip() - INFO - Taxi trip data loaded into table
2024-02-28 21:10:25,594 - etl.load - taxitrip() - INFO - Dataframe popped from in_queue
2024-02-28 21:10:25,678 - etl.load - taxitrip() - INFO - Taxi trip data loaded into table
2024-02-28 21:10:25,679 - etl.load - taxitrip() - INFO - Dataframe popped from in_queue
2024-02-28 21:10:25,768 - etl.load - taxitrip() - INFO - Taxi trip data loaded into table
2024-02-28 21:10:25,769 - etl.load - taxitrip() - INFO - Dataframe popped from in_queue
2024-02-28 21:10:25,876 - etl.load - taxitrip() - INFO - Taxi trip data loaded into table
2024-02-28 21:10:25,877 - etl.load - taxitrip() - INFO - Dataframe popped from in_queue
2024-02-28 21:10:25,981 - etl.load - taxitrip() - INFO - Taxi trip data loaded into table
2024-02-28 21:10:25,982 - etl.load - taxitrip() - INFO - in_queue is empty. Loading completed
